<?xml version="1.0" encoding="UTF-8"?>
<!-- Generated by org.testng.reporters.JUnitReportReporter -->
<testsuite hostname="DESKTOP-DA3L6L6" failures="0" tests="1" name="com.TechPanda.ProductVerification" time="14.235" errors="0" timestamp="2024-07-25T14:05:39 IST" skipped="0">
  <testcase classname="com.TechPanda.ProductVerification" name="cartVerification" time="14.235"/>
  <system-out/>
</testsuite> <!-- com.TechPanda.ProductVerification -->
