<?xml version="1.0" encoding="UTF-8"?>
<!-- Generated by org.testng.reporters.JUnitReportReporter -->
<testsuite hostname="DESKTOP-DA3L6L6" failures="0" tests="1" name="com.TechPanda.MobilePriceVerification" time="14.321" errors="0" timestamp="2024-07-21T14:25:55 IST" skipped="0">
  <testcase classname="com.TechPanda.MobilePriceVerification" name="mobilePriceVerification" time="14.321"/>
  <system-out/>
</testsuite> <!-- com.TechPanda.MobilePriceVerification -->
