<?xml version="1.0" encoding="UTF-8"?>
<!-- Generated by org.testng.reporters.JUnitReportReporter -->
<testsuite hostname="DESKTOP-DA3L6L6" failures="0" tests="1" name="com.TechPanda.TestCase6" time="94.268" errors="0" timestamp="2024-07-28T15:35:22 IST" skipped="0">
  <testcase classname="com.TechPanda.TestCase6" name="testCases6" time="94.268"/>
  <system-out/>
</testsuite> <!-- com.TechPanda.TestCase6 -->
