<?xml version="1.0" encoding="UTF-8"?>
<!-- Generated by org.testng.reporters.JUnitReportReporter -->
<testsuite hostname="DESKTOP-DA3L6L6" failures="0" tests="1" name="com.TechPanda.TestCase7" time="17.834" errors="0" timestamp="2024-07-31T13:19:54 IST" skipped="0">
  <testcase classname="com.TechPanda.TestCase7" name="Test7" time="17.834"/>
  <system-out/>
</testsuite> <!-- com.TechPanda.TestCase7 -->
