<?xml version="1.0" encoding="UTF-8"?>
<!-- Generated by org.testng.reporters.JUnitReportReporter -->
<testsuite hostname="DESKTOP-DA3L6L6" failures="0" tests="1" name="com.TechPanda.TestCase10" time="19.880" errors="0" timestamp="2024-08-02T12:07:37 IST" skipped="0">
  <testcase classname="com.TechPanda.TestCase10" name="test10" time="19.880"/>
  <system-out/>
</testsuite> <!-- com.TechPanda.TestCase10 -->
